Success (19):
content 58 SYSTEM_CUSTOM_BRANDING_LOGO_IMAGE "logo3"
content 59 SYSTEM_CUSTOM_BRANDING_FAVICON_IMAGE "favicon"
adminSetting conf.branding.SYSTEM_BRANDING "System Branding"
adminSetting conf.dataRetention.ALLOW_NEWS_ENTRY_DELETION "Allow News Entry Deletion"
adminSetting conf.deployment.AUTO_UPDATE_SCHEMAS "Allow Database Schema Changes Through Data Stores"
adminSetting conf.deployment.IMPORT_TEST_VALUES "Allow Test Values to Be Imported with Design Objects"
adminSetting conf.email.SYSTEM_ENABLED "Allow Appian to Send Email"
adminSetting conf.fileUpload.virusScanning.ENABLED "Virus Scanning"
adminSetting conf.loginPage.LINKS "Sign-in Page Links"
adminSetting conf.mobile.MOBILE_CONFIGURATIONS "Mobile Configurations"
adminSetting conf.permissions.DEFAULT_USER_VISIBILITY "Default User Profile Visibility"
adminSetting conf.permissions.EDITABLE_USER_PROFILE_FIELDS "Editable User Profile Fields"
adminSetting conf.permissions.QUICK_APPS_DATA_SOURCE_KEY "Quick Apps Data Source"
adminSetting conf.plugins.ENCRYPTION_API_ACCESS_LIST "Encryption Service"
adminSetting conf.security.APPIAN_AUTHENTICATION "Appian Authentication"
adminSetting conf.userStartPages.DEFAULT_START_PAGE "Default Start Page"
adminSetting conf.userStartPages.START_PAGES "Start Pages"
thirdPartyCredentials 1 04d585e7-cffa-4791-b16d-28e69ec4a6ba "jira"
dataSource 1 8ffbcf44-ad34-4f93-b1bc-0da62afc32b4 "jdbc/AppianBusinessDS"

Referenced precedents that were not exported (2):
group 0 SYSTEM_GROUP_COLLABORATION_ADMINISTRATORS
content 57 SYSTEM_CUSTOM_BRANDING_ROOT_FOLDER

Trace:
2017-05-30 01:39:15.309 DEBUG adminSetting conf.branding.SYSTEM_BRANDING Begin transport.
2017-05-30 01:39:15.31 DEBUG adminSetting conf.branding.SYSTEM_BRANDING Retrieving object data.
2017-05-30 01:39:15.338 DEBUG adminSetting conf.branding.SYSTEM_BRANDING Setting uuids of object references.
2017-05-30 01:39:15.345 DEBUG adminSetting conf.branding.SYSTEM_BRANDING Registering export properties.
2017-05-30 01:39:15.346 DEBUG adminSetting conf.branding.SYSTEM_BRANDING Completing produce.
2017-05-30 01:39:15.346 DEBUG adminSetting conf.branding.SYSTEM_BRANDING Exporting binary resources.
2017-05-30 01:39:15.346 DEBUG adminSetting conf.branding.SYSTEM_BRANDING Serializing object to XML.
2017-05-30 01:39:15.638 DEBUG adminSetting conf.branding.SYSTEM_BRANDING Object transported.
2017-05-30 01:39:15.638 DEBUG adminSetting conf.dataRetention.ALLOW_NEWS_ENTRY_DELETION Begin transport.
2017-05-30 01:39:15.638 DEBUG adminSetting conf.dataRetention.ALLOW_NEWS_ENTRY_DELETION Retrieving object data.
2017-05-30 01:39:15.641 DEBUG adminSetting conf.dataRetention.ALLOW_NEWS_ENTRY_DELETION Setting uuids of object references.
2017-05-30 01:39:15.642 DEBUG adminSetting conf.dataRetention.ALLOW_NEWS_ENTRY_DELETION Completing produce.
2017-05-30 01:39:15.642 DEBUG adminSetting conf.dataRetention.ALLOW_NEWS_ENTRY_DELETION Exporting binary resources.
2017-05-30 01:39:15.642 DEBUG adminSetting conf.dataRetention.ALLOW_NEWS_ENTRY_DELETION Serializing object to XML.
2017-05-30 01:39:15.643 DEBUG adminSetting conf.dataRetention.ALLOW_NEWS_ENTRY_DELETION Object transported.
2017-05-30 01:39:15.643 DEBUG adminSetting conf.deployment.AUTO_UPDATE_SCHEMAS Begin transport.
2017-05-30 01:39:15.643 DEBUG adminSetting conf.deployment.AUTO_UPDATE_SCHEMAS Retrieving object data.
2017-05-30 01:39:15.645 DEBUG adminSetting conf.deployment.AUTO_UPDATE_SCHEMAS Setting uuids of object references.
2017-05-30 01:39:15.646 DEBUG adminSetting conf.deployment.AUTO_UPDATE_SCHEMAS Completing produce.
2017-05-30 01:39:15.646 DEBUG adminSetting conf.deployment.AUTO_UPDATE_SCHEMAS Exporting binary resources.
2017-05-30 01:39:15.646 DEBUG adminSetting conf.deployment.AUTO_UPDATE_SCHEMAS Serializing object to XML.
2017-05-30 01:39:15.646 DEBUG adminSetting conf.deployment.AUTO_UPDATE_SCHEMAS Object transported.
2017-05-30 01:39:15.646 DEBUG adminSetting conf.deployment.IMPORT_TEST_VALUES Begin transport.
2017-05-30 01:39:15.646 DEBUG adminSetting conf.deployment.IMPORT_TEST_VALUES Retrieving object data.
2017-05-30 01:39:15.649 DEBUG adminSetting conf.deployment.IMPORT_TEST_VALUES Setting uuids of object references.
2017-05-30 01:39:15.649 DEBUG adminSetting conf.deployment.IMPORT_TEST_VALUES Completing produce.
2017-05-30 01:39:15.649 DEBUG adminSetting conf.deployment.IMPORT_TEST_VALUES Exporting binary resources.
2017-05-30 01:39:15.649 DEBUG adminSetting conf.deployment.IMPORT_TEST_VALUES Serializing object to XML.
2017-05-30 01:39:15.65 DEBUG adminSetting conf.deployment.IMPORT_TEST_VALUES Object transported.
2017-05-30 01:39:15.65 DEBUG adminSetting conf.email.SYSTEM_ENABLED Begin transport.
2017-05-30 01:39:15.65 DEBUG adminSetting conf.email.SYSTEM_ENABLED Retrieving object data.
2017-05-30 01:39:15.652 DEBUG adminSetting conf.email.SYSTEM_ENABLED Setting uuids of object references.
2017-05-30 01:39:15.652 DEBUG adminSetting conf.email.SYSTEM_ENABLED Completing produce.
2017-05-30 01:39:15.652 DEBUG adminSetting conf.email.SYSTEM_ENABLED Exporting binary resources.
2017-05-30 01:39:15.652 DEBUG adminSetting conf.email.SYSTEM_ENABLED Serializing object to XML.
2017-05-30 01:39:15.653 DEBUG adminSetting conf.email.SYSTEM_ENABLED Object transported.
2017-05-30 01:39:15.653 DEBUG adminSetting conf.fileUpload.virusScanning.ENABLED Begin transport.
2017-05-30 01:39:15.653 DEBUG adminSetting conf.fileUpload.virusScanning.ENABLED Retrieving object data.
2017-05-30 01:39:15.656 DEBUG adminSetting conf.fileUpload.virusScanning.ENABLED Setting uuids of object references.
2017-05-30 01:39:15.656 DEBUG adminSetting conf.fileUpload.virusScanning.ENABLED Completing produce.
2017-05-30 01:39:15.656 DEBUG adminSetting conf.fileUpload.virusScanning.ENABLED Exporting binary resources.
2017-05-30 01:39:15.656 DEBUG adminSetting conf.fileUpload.virusScanning.ENABLED Serializing object to XML.
2017-05-30 01:39:15.657 DEBUG adminSetting conf.fileUpload.virusScanning.ENABLED Object transported.
2017-05-30 01:39:15.657 DEBUG adminSetting conf.loginPage.LINKS Begin transport.
2017-05-30 01:39:15.657 DEBUG adminSetting conf.loginPage.LINKS Retrieving object data.
2017-05-30 01:39:15.663 DEBUG adminSetting conf.loginPage.LINKS Setting uuids of object references.
2017-05-30 01:39:15.663 DEBUG adminSetting conf.loginPage.LINKS Completing produce.
2017-05-30 01:39:15.663 DEBUG adminSetting conf.loginPage.LINKS Exporting binary resources.
2017-05-30 01:39:15.663 DEBUG adminSetting conf.loginPage.LINKS Serializing object to XML.
2017-05-30 01:39:15.663 DEBUG adminSetting conf.loginPage.LINKS Object transported.
2017-05-30 01:39:15.663 DEBUG adminSetting conf.mobile.MOBILE_CONFIGURATIONS Begin transport.
2017-05-30 01:39:15.664 DEBUG adminSetting conf.mobile.MOBILE_CONFIGURATIONS Retrieving object data.
2017-05-30 01:39:15.694 DEBUG adminSetting conf.mobile.MOBILE_CONFIGURATIONS Setting uuids of object references.
2017-05-30 01:39:15.694 DEBUG adminSetting conf.mobile.MOBILE_CONFIGURATIONS Completing produce.
2017-05-30 01:39:15.694 DEBUG adminSetting conf.mobile.MOBILE_CONFIGURATIONS Exporting binary resources.
2017-05-30 01:39:15.694 DEBUG adminSetting conf.mobile.MOBILE_CONFIGURATIONS Serializing object to XML.
2017-05-30 01:39:15.695 DEBUG adminSetting conf.mobile.MOBILE_CONFIGURATIONS Object transported.
2017-05-30 01:39:15.695 DEBUG adminSetting conf.permissions.DEFAULT_USER_VISIBILITY Begin transport.
2017-05-30 01:39:15.695 DEBUG adminSetting conf.permissions.DEFAULT_USER_VISIBILITY Retrieving object data.
2017-05-30 01:39:15.697 DEBUG adminSetting conf.permissions.DEFAULT_USER_VISIBILITY Setting uuids of object references.
2017-05-30 01:39:15.698 DEBUG adminSetting conf.permissions.DEFAULT_USER_VISIBILITY Completing produce.
2017-05-30 01:39:15.698 DEBUG adminSetting conf.permissions.DEFAULT_USER_VISIBILITY Exporting binary resources.
2017-05-30 01:39:15.698 DEBUG adminSetting conf.permissions.DEFAULT_USER_VISIBILITY Serializing object to XML.
2017-05-30 01:39:15.698 DEBUG adminSetting conf.permissions.DEFAULT_USER_VISIBILITY Object transported.
2017-05-30 01:39:15.698 DEBUG adminSetting conf.permissions.EDITABLE_USER_PROFILE_FIELDS Begin transport.
2017-05-30 01:39:15.698 DEBUG adminSetting conf.permissions.EDITABLE_USER_PROFILE_FIELDS Retrieving object data.
2017-05-30 01:39:15.721 DEBUG adminSetting conf.permissions.EDITABLE_USER_PROFILE_FIELDS Setting uuids of object references.
2017-05-30 01:39:15.722 DEBUG adminSetting conf.permissions.EDITABLE_USER_PROFILE_FIELDS Completing produce.
2017-05-30 01:39:15.722 DEBUG adminSetting conf.permissions.EDITABLE_USER_PROFILE_FIELDS Exporting binary resources.
2017-05-30 01:39:15.722 DEBUG adminSetting conf.permissions.EDITABLE_USER_PROFILE_FIELDS Serializing object to XML.
2017-05-30 01:39:15.722 DEBUG adminSetting conf.permissions.EDITABLE_USER_PROFILE_FIELDS Object transported.
2017-05-30 01:39:15.722 DEBUG adminSetting conf.permissions.QUICK_APPS_DATA_SOURCE_KEY Begin transport.
2017-05-30 01:39:15.722 DEBUG adminSetting conf.permissions.QUICK_APPS_DATA_SOURCE_KEY Retrieving object data.
2017-05-30 01:39:15.726 DEBUG adminSetting conf.permissions.QUICK_APPS_DATA_SOURCE_KEY Setting uuids of object references.
2017-05-30 01:39:15.729 DEBUG adminSetting conf.permissions.QUICK_APPS_DATA_SOURCE_KEY Registering export properties.
2017-05-30 01:39:15.729 DEBUG adminSetting conf.permissions.QUICK_APPS_DATA_SOURCE_KEY Completing produce.
2017-05-30 01:39:15.729 DEBUG adminSetting conf.permissions.QUICK_APPS_DATA_SOURCE_KEY Exporting binary resources.
2017-05-30 01:39:15.729 DEBUG adminSetting conf.permissions.QUICK_APPS_DATA_SOURCE_KEY Serializing object to XML.
2017-05-30 01:39:15.73 DEBUG adminSetting conf.permissions.QUICK_APPS_DATA_SOURCE_KEY Object transported.
2017-05-30 01:39:15.73 DEBUG adminSetting conf.plugins.ENCRYPTION_API_ACCESS_LIST Begin transport.
2017-05-30 01:39:15.73 DEBUG adminSetting conf.plugins.ENCRYPTION_API_ACCESS_LIST Retrieving object data.
2017-05-30 01:39:15.74 DEBUG adminSetting conf.plugins.ENCRYPTION_API_ACCESS_LIST Setting uuids of object references.
2017-05-30 01:39:15.741 DEBUG adminSetting conf.plugins.ENCRYPTION_API_ACCESS_LIST Completing produce.
2017-05-30 01:39:15.741 DEBUG adminSetting conf.plugins.ENCRYPTION_API_ACCESS_LIST Exporting binary resources.
2017-05-30 01:39:15.741 DEBUG adminSetting conf.plugins.ENCRYPTION_API_ACCESS_LIST Serializing object to XML.
2017-05-30 01:39:15.741 DEBUG adminSetting conf.plugins.ENCRYPTION_API_ACCESS_LIST Object transported.
2017-05-30 01:39:15.741 DEBUG adminSetting conf.security.APPIAN_AUTHENTICATION Begin transport.
2017-05-30 01:39:15.741 DEBUG adminSetting conf.security.APPIAN_AUTHENTICATION Retrieving object data.
2017-05-30 01:39:15.801 DEBUG adminSetting conf.security.APPIAN_AUTHENTICATION Setting uuids of object references.
2017-05-30 01:39:15.806 DEBUG adminSetting conf.security.APPIAN_AUTHENTICATION Registering export properties.
2017-05-30 01:39:15.806 DEBUG adminSetting conf.security.APPIAN_AUTHENTICATION Completing produce.
2017-05-30 01:39:15.806 DEBUG adminSetting conf.security.APPIAN_AUTHENTICATION Exporting binary resources.
2017-05-30 01:39:15.806 DEBUG adminSetting conf.security.APPIAN_AUTHENTICATION Serializing object to XML.
2017-05-30 01:39:15.807 DEBUG adminSetting conf.security.APPIAN_AUTHENTICATION Object transported.
2017-05-30 01:39:15.807 DEBUG adminSetting conf.userStartPages.DEFAULT_START_PAGE Begin transport.
2017-05-30 01:39:15.807 DEBUG adminSetting conf.userStartPages.DEFAULT_START_PAGE Retrieving object data.
2017-05-30 01:39:15.809 DEBUG adminSetting conf.userStartPages.DEFAULT_START_PAGE Setting uuids of object references.
2017-05-30 01:39:15.809 DEBUG adminSetting conf.userStartPages.DEFAULT_START_PAGE Completing produce.
2017-05-30 01:39:15.809 DEBUG adminSetting conf.userStartPages.DEFAULT_START_PAGE Exporting binary resources.
2017-05-30 01:39:15.809 DEBUG adminSetting conf.userStartPages.DEFAULT_START_PAGE Serializing object to XML.
2017-05-30 01:39:15.81 DEBUG adminSetting conf.userStartPages.DEFAULT_START_PAGE Object transported.
2017-05-30 01:39:15.81 DEBUG adminSetting conf.userStartPages.START_PAGES Begin transport.
2017-05-30 01:39:15.81 DEBUG adminSetting conf.userStartPages.START_PAGES Retrieving object data.
2017-05-30 01:39:15.819 DEBUG adminSetting conf.userStartPages.START_PAGES Setting uuids of object references.
2017-05-30 01:39:15.819 DEBUG adminSetting conf.userStartPages.START_PAGES Completing produce.
2017-05-30 01:39:15.819 DEBUG adminSetting conf.userStartPages.START_PAGES Exporting binary resources.
2017-05-30 01:39:15.819 DEBUG adminSetting conf.userStartPages.START_PAGES Serializing object to XML.
2017-05-30 01:39:15.819 DEBUG adminSetting conf.userStartPages.START_PAGES Object transported.
2017-05-30 01:39:15.831 DEBUG thirdPartyCredentials 1 04d585e7-cffa-4791-b16d-28e69ec4a6ba Begin transport.
2017-05-30 01:39:15.831 DEBUG thirdPartyCredentials 1 04d585e7-cffa-4791-b16d-28e69ec4a6ba Retrieving object data.
2017-05-30 01:39:15.849 DEBUG thirdPartyCredentials 1 04d585e7-cffa-4791-b16d-28e69ec4a6ba Setting uuids of object references.
2017-05-30 01:39:15.854 DEBUG thirdPartyCredentials 1 04d585e7-cffa-4791-b16d-28e69ec4a6ba Processing reference: ExternalSystem.testExpression
2017-05-30 01:39:15.868 DEBUG thirdPartyCredentials 1 04d585e7-cffa-4791-b16d-28e69ec4a6ba Registering export properties.
2017-05-30 01:39:15.868 DEBUG thirdPartyCredentials 1 04d585e7-cffa-4791-b16d-28e69ec4a6ba Completing produce.
2017-05-30 01:39:15.868 DEBUG thirdPartyCredentials 1 04d585e7-cffa-4791-b16d-28e69ec4a6ba Exporting binary resources.
2017-05-30 01:39:15.868 DEBUG thirdPartyCredentials 1 04d585e7-cffa-4791-b16d-28e69ec4a6ba Serializing object to XML.
2017-05-30 01:39:15.868 DEBUG thirdPartyCredentials 1 04d585e7-cffa-4791-b16d-28e69ec4a6ba Object transported.
2017-05-30 01:39:15.881 DEBUG dataSource 1 8ffbcf44-ad34-4f93-b1bc-0da62afc32b4 Begin transport.
2017-05-30 01:39:15.881 DEBUG dataSource 1 8ffbcf44-ad34-4f93-b1bc-0da62afc32b4 Retrieving object data.
2017-05-30 01:39:15.889 DEBUG dataSource 1 8ffbcf44-ad34-4f93-b1bc-0da62afc32b4 Setting uuids of object references.
2017-05-30 01:39:15.893 DEBUG dataSource 1 8ffbcf44-ad34-4f93-b1bc-0da62afc32b4 Registering export properties.
2017-05-30 01:39:15.893 DEBUG dataSource 1 8ffbcf44-ad34-4f93-b1bc-0da62afc32b4 Completing produce.
2017-05-30 01:39:15.893 DEBUG dataSource 1 8ffbcf44-ad34-4f93-b1bc-0da62afc32b4 Exporting binary resources.
2017-05-30 01:39:15.893 DEBUG dataSource 1 8ffbcf44-ad34-4f93-b1bc-0da62afc32b4 Serializing object to XML.
2017-05-30 01:39:15.894 DEBUG dataSource 1 8ffbcf44-ad34-4f93-b1bc-0da62afc32b4 Object transported.
2017-05-30 01:39:15.895 DEBUG content 58 SYSTEM_CUSTOM_BRANDING_LOGO_IMAGE Begin transport.
2017-05-30 01:39:15.895 DEBUG content 58 SYSTEM_CUSTOM_BRANDING_LOGO_IMAGE Retrieving object data.
2017-05-30 01:39:15.903 DEBUG content 58 SYSTEM_CUSTOM_BRANDING_LOGO_IMAGE Setting uuids of object references.
2017-05-30 01:39:15.903 DEBUG content 58 SYSTEM_CUSTOM_BRANDING_LOGO_IMAGE Processing reference: Document.forum
2017-05-30 01:39:15.903 DEBUG content 58 SYSTEM_CUSTOM_BRANDING_LOGO_IMAGE Processing reference: Document.parent
2017-05-30 01:39:15.905 DEBUG content 58 SYSTEM_CUSTOM_BRANDING_LOGO_IMAGE Processing reference: com.appiancorp.suiteapi.content.ContentRoleMap@34d6625a[
  ContentRole[name=readers,inherit=false,allowForAll=true]
  ContentRole[name=authors,groupIds=[0],inherit=false,allowForAll=false]
  ContentRole[name=administrators,usernames=[Administrator],groupIds=[0],inherit=false,allowForAll=false]
  ContentRole[name=denyReaders,inherit=false,allowForAll=false]
  ContentRole[name=denyAuthors,inherit=false,allowForAll=false]
  ContentRole[name=denyAdministrators,inherit=false,allowForAll=false]
  securityVector=144:SEC_PUBLIC=false,SEC_CREATOR_ADMIN=true,SEC_INH_ADMIN=false,SEC_INH_EDITOR=false,SEC_INH_VIEWER=false,SEC_ALL_ADMIN=false,SEC_ALL_EDITOR=false,SEC_ALL_VIEWER=true
]
2017-05-30 01:39:15.906 DEBUG content 58 SYSTEM_CUSTOM_BRANDING_LOGO_IMAGE Processing reference: ContentRole[name=readers,inherit=false,allowForAll=true]
2017-05-30 01:39:15.906 DEBUG content 58 SYSTEM_CUSTOM_BRANDING_LOGO_IMAGE Processing reference: ContentRole[name=authors,groupIds=[0],inherit=false,allowForAll=false]
2017-05-30 01:39:15.907 DEBUG content 58 SYSTEM_CUSTOM_BRANDING_LOGO_IMAGE Processing reference: ContentRole[name=administrators,usernames=[Administrator],groupIds=[0],inherit=false,allowForAll=false]
2017-05-30 01:39:15.908 DEBUG content 58 SYSTEM_CUSTOM_BRANDING_LOGO_IMAGE Processing reference: ContentRole[name=denyReaders,inherit=false,allowForAll=false]
2017-05-30 01:39:15.908 DEBUG content 58 SYSTEM_CUSTOM_BRANDING_LOGO_IMAGE Processing reference: ContentRole[name=denyAuthors,inherit=false,allowForAll=false]
2017-05-30 01:39:15.908 DEBUG content 58 SYSTEM_CUSTOM_BRANDING_LOGO_IMAGE Processing reference: ContentRole[name=denyAdministrators,inherit=false,allowForAll=false]
2017-05-30 01:39:15.908 DEBUG content 58 SYSTEM_CUSTOM_BRANDING_LOGO_IMAGE Completing produce.
2017-05-30 01:39:15.908 DEBUG content 58 SYSTEM_CUSTOM_BRANDING_LOGO_IMAGE Exporting binary resources.
2017-05-30 01:39:15.91 DEBUG content 58 SYSTEM_CUSTOM_BRANDING_LOGO_IMAGE Serializing object to XML.
2017-05-30 01:39:15.912 DEBUG content 58 SYSTEM_CUSTOM_BRANDING_LOGO_IMAGE Object transported.
2017-05-30 01:39:15.912 DEBUG content 59 SYSTEM_CUSTOM_BRANDING_FAVICON_IMAGE Begin transport.
2017-05-30 01:39:15.912 DEBUG content 59 SYSTEM_CUSTOM_BRANDING_FAVICON_IMAGE Retrieving object data.
2017-05-30 01:39:15.92 DEBUG content 59 SYSTEM_CUSTOM_BRANDING_FAVICON_IMAGE Setting uuids of object references.
2017-05-30 01:39:15.92 DEBUG content 59 SYSTEM_CUSTOM_BRANDING_FAVICON_IMAGE Processing reference: Document.forum
2017-05-30 01:39:15.921 DEBUG content 59 SYSTEM_CUSTOM_BRANDING_FAVICON_IMAGE Processing reference: Document.parent
2017-05-30 01:39:15.924 DEBUG content 59 SYSTEM_CUSTOM_BRANDING_FAVICON_IMAGE Processing reference: com.appiancorp.suiteapi.content.ContentRoleMap@67f9f0e5[
  ContentRole[name=readers,inherit=false,allowForAll=true]
  ContentRole[name=authors,groupIds=[0],inherit=false,allowForAll=false]
  ContentRole[name=administrators,usernames=[Administrator],groupIds=[0],inherit=false,allowForAll=false]
  ContentRole[name=denyReaders,inherit=false,allowForAll=false]
  ContentRole[name=denyAuthors,inherit=false,allowForAll=false]
  ContentRole[name=denyAdministrators,inherit=false,allowForAll=false]
  securityVector=144:SEC_PUBLIC=false,SEC_CREATOR_ADMIN=true,SEC_INH_ADMIN=false,SEC_INH_EDITOR=false,SEC_INH_VIEWER=false,SEC_ALL_ADMIN=false,SEC_ALL_EDITOR=false,SEC_ALL_VIEWER=true
]
2017-05-30 01:39:15.924 DEBUG content 59 SYSTEM_CUSTOM_BRANDING_FAVICON_IMAGE Processing reference: ContentRole[name=readers,inherit=false,allowForAll=true]
2017-05-30 01:39:15.924 DEBUG content 59 SYSTEM_CUSTOM_BRANDING_FAVICON_IMAGE Processing reference: ContentRole[name=authors,groupIds=[0],inherit=false,allowForAll=false]
2017-05-30 01:39:15.926 DEBUG content 59 SYSTEM_CUSTOM_BRANDING_FAVICON_IMAGE Processing reference: ContentRole[name=administrators,usernames=[Administrator],groupIds=[0],inherit=false,allowForAll=false]
2017-05-30 01:39:15.928 DEBUG content 59 SYSTEM_CUSTOM_BRANDING_FAVICON_IMAGE Processing reference: ContentRole[name=denyReaders,inherit=false,allowForAll=false]
2017-05-30 01:39:15.928 DEBUG content 59 SYSTEM_CUSTOM_BRANDING_FAVICON_IMAGE Processing reference: ContentRole[name=denyAuthors,inherit=false,allowForAll=false]
2017-05-30 01:39:15.928 DEBUG content 59 SYSTEM_CUSTOM_BRANDING_FAVICON_IMAGE Processing reference: ContentRole[name=denyAdministrators,inherit=false,allowForAll=false]
2017-05-30 01:39:15.928 DEBUG content 59 SYSTEM_CUSTOM_BRANDING_FAVICON_IMAGE Completing produce.
2017-05-30 01:39:15.928 DEBUG content 59 SYSTEM_CUSTOM_BRANDING_FAVICON_IMAGE Exporting binary resources.
2017-05-30 01:39:15.93 DEBUG content 59 SYSTEM_CUSTOM_BRANDING_FAVICON_IMAGE Serializing object to XML.
2017-05-30 01:39:15.931 DEBUG content 59 SYSTEM_CUSTOM_BRANDING_FAVICON_IMAGE Object transported.
